<?xml version="1.0" encoding="UTF-8"?>
<!-- Generated by org.testng.reporters.JUnitReportReporter -->
<testsuite hostname="SIPLLT1295" name="org.demo.Sample" tests="5" failures="0" timestamp="13 Feb 2017 09:03:44 GMT" time="0.009" errors="0">
  <testcase name="doTest3" time="0.000" classname="org.demo.Sample"/>
  <testcase name="doTest4" time="0.000" classname="org.demo.Sample"/>
  <testcase name="doTest5" time="0.001" classname="org.demo.Sample"/>
  <testcase name="doTest1" time="0.008" classname="org.demo.Sample"/>
  <testcase name="doTest2" time="0.000" classname="org.demo.Sample"/>
</testsuite> <!-- org.demo.Sample -->
